<?xml version="1.0" encoding="UTF-8"?>
<!-- Generated by org.testng.reporters.JUnitReportReporter -->
<testsuite name="epam.rest.utenkov.RequestSpecTest" tests="1" time="0.003" ignored="0" failures="0" timestamp="16 Feb 2018 09:27:01 GMT" skipped="0" hostname="EPRURYAW0655" errors="0">
  <testcase name="testGetLaunches" time="0.003" classname="epam.rest.utenkov.RequestSpecTest"/>
</testsuite> <!-- epam.rest.utenkov.RequestSpecTest -->
