<?xml version="1.0" encoding="UTF-8"?>
<!-- Generated by org.testng.reporters.JUnitReportReporter -->
<testsuite hostname="DESKTOP-CM899S2" name="BaseTest" tests="1" failures="0" timestamp="3 Feb 2018 09:49:39 GMT" time="2.012" errors="0">
  <testcase name="testCodeResponse" time="2.012" classname="BaseTest"/>
</testsuite> <!-- BaseTest -->
