<?xml version="1.0" encoding="UTF-8"?>
<!-- Generated by org.testng.reporters.JUnitReportReporter -->
<testsuite name="epam.rest.utenkov.BaseTest" tests="1" time="1.469" ignored="2" failures="0" timestamp="01 Mar 2018 07:29:18 GMT" skipped="0" hostname="EPRURYAW0655" errors="0">
  <testcase name="testCodeResponse" time="1.469" classname="epam.rest.utenkov.BaseTest"/>
  <testcase name="setBasicData" classname="epam.rest.utenkov.BaseTest">
    <skipped/>
  </testcase> <!-- setBasicData -->
  <testcase name="setBasicData" classname="epam.rest.utenkov.BaseTest">
    <skipped/>
  </testcase> <!-- setBasicData -->
</testsuite> <!-- epam.rest.utenkov.BaseTest -->
